  Force.cpp
C:\Users\caden\Documents\code\Real\Physics Engine\src\Physics\Force.h(5,49): error C2061: syntax error: identifier 'ball'
C:\Users\caden\Documents\code\Real\Physics Engine\src\Physics\Force.h(6,49): error C2061: syntax error: identifier 'ball'
C:\Users\caden\Documents\code\Real\Physics Engine\src\Physics\Force.h(7,57): error C2061: syntax error: identifier 'simple_pendulum'
C:\Users\caden\Documents\code\Real\Physics Engine\src\Physics\Force.h(8,59): error C2061: syntax error: identifier 'complex_pendulum'
C:\Users\caden\Documents\code\Real\Physics Engine\src\Physics\Force.h(9,59): error C2061: syntax error: identifier 'complex_pendulum'
  Physics_Engine.cpp
C:\Users\caden\Documents\code\Real\Physics Engine\src\Physics\Physics_Engine.cpp(24,60): error C2660: 'RK4': function does not take 5 arguments
C:\Users\caden\Documents\code\Real\Physics Engine\src\Physics\RK4.cpp(5,15): message : see declaration of 'RK4'
C:\Users\caden\Documents\code\Real\Physics Engine\src\Physics\Physics_Engine.cpp(26,87): error C2660: 'RK4': function does not take 5 arguments
C:\Users\caden\Documents\code\Real\Physics Engine\src\Physics\RK4.cpp(5,15): message : see declaration of 'RK4'
C:\Users\caden\Documents\code\Real\Physics Engine\src\Physics\Physics_Engine.cpp(28,121): error C2660: 'RK4': function does not take 5 arguments
C:\Users\caden\Documents\code\Real\Physics Engine\src\Physics\RK4.cpp(5,15): message : see declaration of 'RK4'
C:\Users\caden\Documents\code\Real\Physics Engine\src\Physics\Physics_Engine.cpp(28,125): error C2660: 'vec2d::calculateMagnitude': function does not take 2 arguments
C:\Users\caden\Documents\code\Real\Physics Engine\src\Physics\Vec2d.h(9,16): message : see declaration of 'vec2d::calculateMagnitude'
C:\Users\caden\Documents\code\Real\Physics Engine\src\Physics\Physics_Engine.cpp(31,8): error C2039: 'cout': is not a member of 'std'
C:\Program Files (x86)\Microsoft Visual Studio\2019\Community\VC\Tools\MSVC\14.29.30133\include\queue(22): message : see declaration of 'std'
C:\Users\caden\Documents\code\Real\Physics Engine\src\Physics\Physics_Engine.cpp(31,13): error C2065: 'cout': undeclared identifier
C:\Users\caden\Documents\code\Real\Physics Engine\src\Physics\Physics_Engine.cpp(39,2): error C2065: 'ball1': undeclared identifier
C:\Users\caden\Documents\code\Real\Physics Engine\src\Physics\Physics_Engine.cpp(39,22): error C2065: 'ball1': undeclared identifier
C:\Users\caden\Documents\code\Real\Physics Engine\src\Physics\Physics_Engine.cpp(40,5): error C2065: 'ball1': undeclared identifier
C:\Users\caden\Documents\code\Real\Physics Engine\src\Physics\Physics_Engine.cpp(40,27): error C2065: 'ball1': undeclared identifier
C:\Users\caden\Documents\code\Real\Physics Engine\src\Physics\Physics_Engine.cpp(41,5): error C2065: 'ball1': undeclared identifier
C:\Users\caden\Documents\code\Real\Physics Engine\src\Physics\Physics_Engine.cpp(42,5): error C2065: 'ball1': undeclared identifier
C:\Users\caden\Documents\code\Real\Physics Engine\src\Physics\Physics_Engine.cpp(47,8): error C2065: 'ball1': undeclared identifier
C:\Users\caden\Documents\code\Real\Physics Engine\src\Physics\Physics_Engine.cpp(48,3): error C2065: 'ball1': undeclared identifier
C:\Users\caden\Documents\code\Real\Physics Engine\src\Physics\Physics_Engine.cpp(48,59): error C2660: 'RK4': function does not take 5 arguments
C:\Users\caden\Documents\code\Real\Physics Engine\src\Physics\RK4.cpp(5,15): message : see declaration of 'RK4'
C:\Users\caden\Documents\code\Real\Physics Engine\src\Physics\Physics_Engine.cpp(49,8): error C2065: 'ball1': undeclared identifier
C:\Users\caden\Documents\code\Real\Physics Engine\src\Physics\Physics_Engine.cpp(50,3): error C2065: 'ball1': undeclared identifier
C:\Users\caden\Documents\code\Real\Physics Engine\src\Physics\Physics_Engine.cpp(50,60): error C2660: 'RK4': function does not take 5 arguments
C:\Users\caden\Documents\code\Real\Physics Engine\src\Physics\RK4.cpp(5,15): message : see declaration of 'RK4'
C:\Users\caden\Documents\code\Real\Physics Engine\src\Physics\Physics_Engine.cpp(51,8): error C2065: 'ball1': undeclared identifier
C:\Users\caden\Documents\code\Real\Physics Engine\src\Physics\Physics_Engine.cpp(51,39): error C2065: 'ball1': undeclared identifier
C:\Users\caden\Documents\code\Real\Physics Engine\src\Physics\Physics_Engine.cpp(52,3): error C2065: 'ball1': undeclared identifier
C:\Users\caden\Documents\code\Real\Physics Engine\src\Physics\Physics_Engine.cpp(52,61): error C2660: 'RK4': function does not take 5 arguments
C:\Users\caden\Documents\code\Real\Physics Engine\src\Physics\RK4.cpp(5,15): message : see declaration of 'RK4'
C:\Users\caden\Documents\code\Real\Physics Engine\src\Physics\Physics_Engine.cpp(53,8): error C2065: 'ball1': undeclared identifier
C:\Users\caden\Documents\code\Real\Physics Engine\src\Physics\Physics_Engine.cpp(53,40): error C2065: 'ball1': undeclared identifier
C:\Users\caden\Documents\code\Real\Physics Engine\src\Physics\Physics_Engine.cpp(54,3): error C2065: 'ball1': undeclared identifier
C:\Users\caden\Documents\code\Real\Physics Engine\src\Physics\Physics_Engine.cpp(54,62): error C2660: 'RK4': function does not take 5 arguments
C:\Users\caden\Documents\code\Real\Physics Engine\src\Physics\RK4.cpp(5,15): message : see declaration of 'RK4'
C:\Users\caden\Documents\code\Real\Physics Engine\src\Physics\Physics_Engine.cpp(66,3): error C2065: 'pendulum1': undeclared identifier
C:\Users\caden\Documents\code\Real\Physics Engine\src\Physics\Physics_Engine.cpp(67,3): error C2065: 'pendulum1': undeclared identifier
C:\Users\caden\Documents\code\Real\Physics Engine\src\Physics\Physics_Engine.cpp(67,29): error C2065: 'pendulum1': undeclared identifier
C:\Users\caden\Documents\code\Real\Physics Engine\src\Physics\Physics_Engine.cpp(67,62): error C2065: 'pendulum1': undeclared identifier
C:\Users\caden\Documents\code\Real\Physics Engine\src\Physics\Physics_Engine.cpp(67,82): error C2065: 'pendulum1': undeclared identifier
C:\Users\caden\Documents\code\Real\Physics Engine\src\Physics\Physics_Engine.cpp(68,14): error C2065: 'pendulum1': undeclared identifier
C:\Users\caden\Documents\code\Real\Physics Engine\src\Physics\Physics_Engine.cpp(70,13): error C2065: 'pendulum1': undeclared identifier
C:\Users\caden\Documents\code\Real\Physics Engine\src\Physics\Physics_Engine.cpp(72,9): error C2065: 'pendulum1': undeclared identifier
C:\Users\caden\Documents\code\Real\Physics Engine\src\Physics\Physics_Engine.cpp(72,25): error C2065: 'pendulum1': undeclared identifier
C:\Users\caden\Documents\code\Real\Physics Engine\src\Physics\Physics_Engine.cpp(73,4): error C2065: 'pendulum1': undeclared identifier
C:\Users\caden\Documents\code\Real\Physics Engine\src\Physics\Physics_Engine.cpp(73,54): error C2660: 'RK4': function does not take 5 arguments
C:\Users\caden\Documents\code\Real\Physics Engine\src\Physics\RK4.cpp(5,15): message : see declaration of 'RK4'
C:\Users\caden\Documents\code\Real\Physics Engine\src\Physics\Physics_Engine.cpp(74,9): error C2065: 'pendulum1': undeclared identifier
C:\Users\caden\Documents\code\Real\Physics Engine\src\Physics\Physics_Engine.cpp(74,25): error C2065: 'pendulum1': undeclared identifier
C:\Users\caden\Documents\code\Real\Physics Engine\src\Physics\Physics_Engine.cpp(75,4): error C2065: 'pendulum1': undeclared identifier
C:\Users\caden\Documents\code\Real\Physics Engine\src\Physics\Physics_Engine.cpp(75,53): error C2660: 'RK4': function does not take 5 arguments
C:\Users\caden\Documents\code\Real\Physics Engine\src\Physics\RK4.cpp(5,15): message : see declaration of 'RK4'
C:\Users\caden\Documents\code\Real\Physics Engine\src\Physics\Physics_Engine.cpp(76,4): error C2065: 'pendulum1': undeclared identifier
C:\Users\caden\Documents\code\Real\Physics Engine\src\Physics\Physics_Engine.cpp(76,30): error C2065: 'pendulum1': undeclared identifier
C:\Users\caden\Documents\code\Real\Physics Engine\src\Physics\Physics_Engine.cpp(76,63): error C2065: 'pendulum1': undeclared identifier
C:\Users\caden\Documents\code\Real\Physics Engine\src\Physics\Physics_Engine.cpp(76,83): error C2065: 'pendulum1': undeclared identifier
C:\Users\caden\Documents\code\Real\Physics Engine\src\Physics\Physics_Engine.cpp(91,8): error C2065: 'pendulum1': undeclared identifier
C:\Users\caden\Documents\code\Real\Physics Engine\src\Physics\Physics_Engine.cpp(91,24): error C2065: 'pendulum1': undeclared identifier
C:\Users\caden\Documents\code\Real\Physics Engine\src\Physics\Physics_Engine.cpp(92,3): error C2065: 'pendulum1': undeclared identifier
C:\Users\caden\Documents\code\Real\Physics Engine\src\Physics\Physics_Engine.cpp(92,53): error C2660: 'RK4': function does not take 5 arguments
C:\Users\caden\Documents\code\Real\Physics Engine\src\Physics\RK4.cpp(5,15): message : see declaration of 'RK4'
C:\Users\caden\Documents\code\Real\Physics Engine\src\Physics\Physics_Engine.cpp(93,8): error C2065: 'pendulum1': undeclared identifier
C:\Users\caden\Documents\code\Real\Physics Engine\src\Physics\Physics_Engine.cpp(93,24): error C2065: 'pendulum1': undeclared identifier
C:\Users\caden\Documents\code\Real\Physics Engine\src\Physics\Physics_Engine.cpp(94,3): error C2065: 'pendulum1': undeclared identifier
C:\Users\caden\Documents\code\Real\Physics Engine\src\Physics\Physics_Engine.cpp(94,52): error C2660: 'RK4': function does not take 5 arguments
C:\Users\caden\Documents\code\Real\Physics Engine\src\Physics\RK4.cpp(5,15): message : see declaration of 'RK4'
C:\Users\caden\Documents\code\Real\Physics Engine\src\Physics\Physics_Engine.cpp(95,3): error C2065: 'pendulum1': undeclared identifier
C:\Users\caden\Documents\code\Real\Physics Engine\src\Physics\Physics_Engine.cpp(95,29): error C2065: 'pendulum1': undeclared identifier
C:\Users\caden\Documents\code\Real\Physics Engine\src\Physics\Physics_Engine.cpp(95,62): error C2065: 'pendulum1': undeclared identifier
C:\Users\caden\Documents\code\Real\Physics Engine\src\Physics\Physics_Engine.cpp(95,82): error C2065: 'pendulum1': undeclared identifier
C:\Users\caden\Documents\code\Real\Physics Engine\src\Physics\Physics_Engine.cpp(107,8): error C2065: 'pendulum2': undeclared identifier
C:\Users\caden\Documents\code\Real\Physics Engine\src\Physics\Physics_Engine.cpp(107,25): error C2065: 'pendulum2': undeclared identifier
C:\Users\caden\Documents\code\Real\Physics Engine\src\Physics\Physics_Engine.cpp(107,41): error C2065: 'pendulum2': undeclared identifier
C:\Users\caden\Documents\code\Real\Physics Engine\src\Physics\Physics_Engine.cpp(107,58): error C2065: 'pendulum2': undeclared identifier
C:\Users\caden\Documents\code\Real\Physics Engine\src\Physics\Physics_Engine.cpp(107,75): error C2065: 'pendulum2': undeclared identifier
C:\Users\caden\Documents\code\Real\Physics Engine\src\Physics\Physics_Engine.cpp(107,91): error C2065: 'pendulum2': undeclared identifier
C:\Users\caden\Documents\code\Real\Physics Engine\src\Physics\Physics_Engine.cpp(108,3): error C2065: 'pendulum2': undeclared identifier
C:\Users\caden\Documents\code\Real\Physics Engine\src\Physics\Physics_Engine.cpp(108,44): error C2660: 'fdouble_pendulum_1': function does not take 2 arguments
C:\Users\caden\Documents\code\Real\Physics Engine\src\Physics\Force.h(8,8): message : see declaration of 'fdouble_pendulum_1'
C:\Users\caden\Documents\code\Real\Physics Engine\src\Physics\Physics_Engine.cpp(109,8): error C2065: 'pendulum2': undeclared identifier
C:\Users\caden\Documents\code\Real\Physics Engine\src\Physics\Physics_Engine.cpp(109,25): error C2065: 'pendulum2': undeclared identifier
C:\Users\caden\Documents\code\Real\Physics Engine\src\Physics\Physics_Engine.cpp(109,41): error C2065: 'pendulum2': undeclared identifier
C:\Users\caden\Documents\code\Real\Physics Engine\src\Physics\Physics_Engine.cpp(109,58): error C2065: 'pendulum2': undeclared identifier
C:\Users\caden\Documents\code\Real\Physics Engine\src\Physics\Physics_Engine.cpp(109,75): error C2065: 'pendulum2': undeclared identifier
C:\Users\caden\Documents\code\Real\Physics Engine\src\Physics\Physics_Engine.cpp(109,91): error C2065: 'pendulum2': undeclared identifier
C:\Users\caden\Documents\code\Real\Physics Engine\src\Physics\Physics_Engine.cpp(110,3): error C2065: 'pendulum2': undeclared identifier
C:\Users\caden\Documents\code\Real\Physics Engine\src\Physics\Physics_Engine.cpp(110,44): error C2660: 'fdouble_pendulum_2': function does not take 2 arguments
C:\Users\caden\Documents\code\Real\Physics Engine\src\Physics\Force.h(9,8): message : see declaration of 'fdouble_pendulum_2'
C:\Users\caden\Documents\code\Real\Physics Engine\src\Physics\Physics_Engine.cpp(111,8): error C2065: 'pendulum2': undeclared identifier
C:\Users\caden\Documents\code\Real\Physics Engine\src\Physics\Physics_Engine.cpp(111,25): error C2065: 'pendulum2': undeclared identifier
C:\Users\caden\Documents\code\Real\Physics Engine\src\Physics\Physics_Engine.cpp(111,41): error C2065: 'pendulum2': undeclared identifier
C:\Users\caden\Documents\code\Real\Physics Engine\src\Physics\Physics_Engine.cpp(111,58): error C2065: 'pendulum2': undeclared identifier
C:\Users\caden\Documents\code\Real\Physics Engine\src\Physics\Physics_Engine.cpp(111,75): error C2065: 'pendulum2': undeclared identifier
C:\Users\caden\Documents\code\Real\Physics Engine\src\Physics\Physics_Engine.cpp(111,91): error C2065: 'pendulum2': undeclared identifier
C:\Users\caden\Documents\code\Real\Physics Engine\src\Physics\Physics_Engine.cpp(112,3): error C2065: 'pendulum2': undeclared identifier
C:\Users\caden\Documents\code\Real\Physics Engine\src\Physics\Physics_Engine.cpp(112,56): error C2660: 'RK4': function does not take 5 arguments
C:\Users\caden\Documents\code\Real\Physics Engine\src\Physics\RK4.cpp(5,15): message : see declaration of 'RK4'
C:\Users\caden\Documents\code\Real\Physics Engine\src\Physics\Physics_Engine.cpp(113,8): error C2065: 'pendulum2': undeclared identifier
C:\Users\caden\Documents\code\Real\Physics Engine\src\Physics\Physics_Engine.cpp(113,25): error C2065: 'pendulum2': undeclared identifier
C:\Users\caden\Documents\code\Real\Physics Engine\src\Physics\Physics_Engine.cpp(113,41): error C2065: 'pendulum2': undeclared identifier
C:\Users\caden\Documents\code\Real\Physics Engine\src\Physics\Physics_Engine.cpp(113,58): error C2065: 'pendulum2': undeclared identifier
C:\Users\caden\Documents\code\Real\Physics Engine\src\Physics\Physics_Engine.cpp(113,75): error C2065: 'pendulum2': undeclared identifier
C:\Users\caden\Documents\code\Real\Physics Engine\src\Physics\Physics_Engine.cpp(113,91): error C2065: 'pendulum2': undeclared identifier
C:\Users\caden\Documents\code\Real\Physics Engine\src\Physics\Physics_Engine.cpp(114,3): error C2065: 'pendulum2': undeclared identifier
C:\Users\caden\Documents\code\Real\Physics Engine\src\Physics\Physics_Engine.cpp(114,56): error C2660: 'RK4': function does not take 5 arguments
C:\Users\caden\Documents\code\Real\Physics Engine\src\Physics\RK4.cpp(5,15): message : see declaration of 'RK4'
C:\Users\caden\Documents\code\Real\Physics Engine\src\Physics\Physics_Engine.cpp(115,8): error C2065: 'pendulum2': undeclared identifier
C:\Users\caden\Documents\code\Real\Physics Engine\src\Physics\Physics_Engine.cpp(115,25): error C2065: 'pendulum2': undeclared identifier
C:\Users\caden\Documents\code\Real\Physics Engine\src\Physics\Physics_Engine.cpp(115,41): error C2065: 'pendulum2': undeclared identifier
C:\Users\caden\Documents\code\Real\Physics Engine\src\Physics\Physics_Engine.cpp(115,58): error C2065: 'pendulum2': undeclared identifier
C:\Users\caden\Documents\code\Real\Physics Engine\src\Physics\Physics_Engine.cpp(115,75): error C2065: 'pendulum2': undeclared identifier
C:\Users\caden\Documents\code\Real\Physics Engine\src\Physics\Physics_Engine.cpp(115,91): error C2065: 'pendulum2': undeclared identifier
C:\Users\caden\Documents\code\Real\Physics Engine\src\Physics\Physics_Engine.cpp(116,3): error C2065: 'pendulum2': undeclared identifier
C:\Users\caden\Documents\code\Real\Physics Engine\src\Physics\Physics_Engine.cpp(116,55): error C2660: 'RK4': function does not take 5 arguments
C:\Users\caden\Documents\code\Real\Physics Engine\src\Physics\RK4.cpp(5,15): message : see declaration of 'RK4'
C:\Users\caden\Documents\code\Real\Physics Engine\src\Physics\Physics_Engine.cpp(117,8): error C2065: 'pendulum2': undeclared identifier
C:\Users\caden\Documents\code\Real\Physics Engine\src\Physics\Physics_Engine.cpp(117,25): error C2065: 'pendulum2': undeclared identifier
C:\Users\caden\Documents\code\Real\Physics Engine\src\Physics\Physics_Engine.cpp(117,41): error C2065: 'pendulum2': undeclared identifier
C:\Users\caden\Documents\code\Real\Physics Engine\src\Physics\Physics_Engine.cpp(117,58): error C2065: 'pendulum2': undeclared identifier
C:\Users\caden\Documents\code\Real\Physics Engine\src\Physics\Physics_Engine.cpp(117,67): fatal error C1003: error count exceeds 100; stopping compilation
  Generating Code...
